Using pre-set license
Built from '2021.3/staging' branch; Version is '2021.3.18f1 (3129e69bc0c7) revision 3221990'; Using compiler version '192829333'; Build Type 'Release'
OS: 'Windows 10  (10.0.19045) 64bit Professional' Language: 'ru' Physical Memory: 16220 MB
BatchMode: 1, IsHumanControllingUs: 0, StartBugReporterOnCrash: 0, Is64bit: 1, IsPro: 1

COMMAND LINE ARGUMENTS:
C:\Program Files\Unity\Hub\Editor\2021.3.18f1\Editor\Unity.exe
-adb2
-batchMode
-noUpm
-name
AssetImportWorker0
-projectPath
E:/unityprojects/Helix jump1
-logFile
Logs/AssetImportWorker0.log
-srvPort
49268
Successfully changed project path to: E:/unityprojects/Helix jump1
E:/unityprojects/Helix jump1
[UnityMemory] Configuration Parameters - Can be set up in boot.config
    "memorysetup-bucket-allocator-granularity=16"
    "memorysetup-bucket-allocator-bucket-count=8"
    "memorysetup-bucket-allocator-block-size=33554432"
    "memorysetup-bucket-allocator-block-count=8"
    "memorysetup-main-allocator-block-size=16777216"
    "memorysetup-thread-allocator-block-size=16777216"
    "memorysetup-gfx-main-allocator-block-size=16777216"
    "memorysetup-gfx-thread-allocator-block-size=16777216"
    "memorysetup-cache-allocator-block-size=4194304"
    "memorysetup-typetree-allocator-block-size=2097152"
    "memorysetup-profiler-bucket-allocator-granularity=16"
    "memorysetup-profiler-bucket-allocator-bucket-count=8"
    "memorysetup-profiler-bucket-allocator-block-size=33554432"
    "memorysetup-profiler-bucket-allocator-block-count=8"
    "memorysetup-profiler-allocator-block-size=16777216"
    "memorysetup-profiler-editor-allocator-block-size=1048576"
    "memorysetup-temp-allocator-size-main=16777216"
    "memorysetup-job-temp-allocator-block-size=2097152"
    "memorysetup-job-temp-allocator-block-size-background=1048576"
    "memorysetup-job-temp-allocator-reduction-small-platforms=262144"
    "memorysetup-temp-allocator-size-background-worker=32768"
    "memorysetup-temp-allocator-size-job-worker=262144"
    "memorysetup-temp-allocator-size-preload-manager=33554432"
    "memorysetup-temp-allocator-size-nav-mesh-worker=65536"
    "memorysetup-temp-allocator-size-audio-worker=65536"
    "memorysetup-temp-allocator-size-cloud-worker=32768"
    "memorysetup-temp-allocator-size-gi-baking-worker=262144"
    "memorysetup-temp-allocator-size-gfx=262144"
Player connection [4744] Host "[IP] 192.168.0.102 [Port] 0 [Flags] 2 [Guid] 3381456072 [EditorId] 3381456072 [Version] 1048832 [Id] WindowsEditor(7,DESKTOP-C31EMVG) [Debug] 1 [PackageName] WindowsEditor [ProjectName] Editor" joined multi-casting on [225.0.0.222:54997]...

Player connection [4744] Host "[IP] 192.168.0.102 [Port] 0 [Flags] 2 [Guid] 3381456072 [EditorId] 3381456072 [Version] 1048832 [Id] WindowsEditor(7,DESKTOP-C31EMVG) [Debug] 1 [PackageName] WindowsEditor [ProjectName] Editor" joined alternative multi-casting on [225.0.0.222:34997]...

Refreshing native plugins compatible for Editor in 86.56 ms, found 3 plugins.
Preloading 0 native plugins for Editor in 0.00 ms.
Initialize engine version: 2021.3.18f1 (3129e69bc0c7)
[Subsystems] Discovering subsystems at path C:/Program Files/Unity/Hub/Editor/2021.3.18f1/Editor/Data/Resources/UnitySubsystems
[Subsystems] Discovering subsystems at path E:/unityprojects/Helix jump1/Assets
GfxDevice: creating device client; threaded=0; jobified=0
Direct3D:
    Version:  Direct3D 11.0 [level 11.1]
    Renderer: NVIDIA GeForce GTX 1650 SUPER (ID=0x2187)
    Vendor:   NVIDIA
    VRAM:     3943 MB
    Driver:   31.0.15.2849
Initialize mono
Mono path[0] = 'C:/Program Files/Unity/Hub/Editor/2021.3.18f1/Editor/Data/Managed'
Mono path[1] = 'C:/Program Files/Unity/Hub/Editor/2021.3.18f1/Editor/Data/MonoBleedingEdge/lib/mono/unityjit-win32'
Mono config path = 'C:/Program Files/Unity/Hub/Editor/2021.3.18f1/Editor/Data/MonoBleedingEdge/etc'
Using monoOptions --debugger-agent=transport=dt_socket,embedding=1,server=y,suspend=n,address=127.0.0.1:56040
Begin MonoManager ReloadAssembly
Registering precompiled unity dll's ...
Register platform support module: C:/Program Files/Unity/Hub/Editor/2021.3.18f1/Editor/Data/PlaybackEngines/WebGLSupport/UnityEditor.WebGL.Extensions.dll
Register platform support module: C:/Program Files/Unity/Hub/Editor/2021.3.18f1/Editor/Data/PlaybackEngines/AndroidPlayer/UnityEditor.Android.Extensions.dll
Register platform support module: C:/Program Files/Unity/Hub/Editor/2021.3.18f1/Editor/Data/PlaybackEngines/WindowsStandaloneSupport/UnityEditor.WindowsStandalone.Extensions.dll
Registered in 0.008593 seconds.
Native extension for WindowsStandalone target not found
Native extension for Android target not found
Android Extension - Scanning For ADB Devices 201 ms
Native extension for WebGL target not found
Refreshing native plugins compatible for Editor in 84.09 ms, found 3 plugins.
Preloading 0 native plugins for Editor in 0.00 ms.
Mono: successfully reloaded assembly
- Completed reload, in  0.864 seconds
Domain Reload Profiling:
	ReloadAssembly (864ms)
		BeginReloadAssembly (78ms)
			ExecutionOrderSort (0ms)
			DisableScriptedObjects (0ms)
			BackupInstance (0ms)
			ReleaseScriptingObjects (0ms)
			CreateAndSetChildDomain (1ms)
		EndReloadAssembly (665ms)
			LoadAssemblies (76ms)
			RebuildTransferFunctionScriptingTraits (0ms)
			SetupTypeCache (111ms)
			ReleaseScriptCaches (0ms)
			RebuildScriptCaches (27ms)
			SetupLoadedEditorAssemblies (478ms)
				LogAssemblyErrors (0ms)
				InitializePlatformSupportModulesInManaged (269ms)
				SetLoadedEditorAssemblies (0ms)
				RefreshPlugins (84ms)
				BeforeProcessingInitializeOnLoad (1ms)
				ProcessInitializeOnLoadAttributes (85ms)
				ProcessInitializeOnLoadMethodAttributes (38ms)
				AfterProcessingInitializeOnLoad (0ms)
				EditorAssembliesLoaded (0ms)
			ExecutionOrderSort2 (0ms)
			AwakeInstancesAfterBackupRestoration (0ms)
Platform modules already initialized, skipping
Registering precompiled user dll's ...
Registered in 0.004209 seconds.
Begin MonoManager ReloadAssembly
Symbol file LoadedFromMemory doesn't match image E:\unityprojects\Helix jump1\Library\PackageCache\com.unity.visualscripting@1.8.0\Editor\VisualScripting.Core\Dependencies\YamlDotNet\Unity.VisualScripting.YamlDotNet.dll
Symbol file LoadedFromMemory doesn't match image E:\unityprojects\Helix jump1\Library\PackageCache\com.unity.visualscripting@1.8.0\Editor\VisualScripting.Core\Dependencies\DotNetZip\Unity.VisualScripting.IonicZip.dll
Native extension for WindowsStandalone target not found
Native extension for Android target not found
Native extension for WebGL target not found
Refreshing native plugins compatible for Editor in 0.51 ms, found 3 plugins.
Preloading 0 native plugins for Editor in 0.00 ms.
Mono: successfully reloaded assembly
- Completed reload, in  0.967 seconds
Domain Reload Profiling:
	ReloadAssembly (967ms)
		BeginReloadAssembly (101ms)
			ExecutionOrderSort (0ms)
			DisableScriptedObjects (6ms)
			BackupInstance (0ms)
			ReleaseScriptingObjects (0ms)
			CreateAndSetChildDomain (20ms)
		EndReloadAssembly (756ms)
			LoadAssemblies (78ms)
			RebuildTransferFunctionScriptingTraits (0ms)
			SetupTypeCache (243ms)
			ReleaseScriptCaches (1ms)
			RebuildScriptCaches (50ms)
			SetupLoadedEditorAssemblies (344ms)
				LogAssemblyErrors (0ms)
				InitializePlatformSupportModulesInManaged (19ms)
				SetLoadedEditorAssemblies (0ms)
				RefreshPlugins (1ms)
				BeforeProcessingInitializeOnLoad (95ms)
				ProcessInitializeOnLoadAttributes (202ms)
				ProcessInitializeOnLoadMethodAttributes (17ms)
				AfterProcessingInitializeOnLoad (9ms)
				EditorAssembliesLoaded (0ms)
			ExecutionOrderSort2 (0ms)
			AwakeInstancesAfterBackupRestoration (6ms)
Platform modules already initialized, skipping
========================================================================
Worker process is ready to serve import requests
Launched and connected shader compiler UnityShaderCompiler.exe after 0.03 seconds
Refreshing native plugins compatible for Editor in 0.68 ms, found 3 plugins.
Preloading 0 native plugins for Editor in 0.00 ms.
Unloading 3431 Unused Serialized files (Serialized files now loaded: 0)
Unloading 25 unused Assets / (150.6 KB). Loaded Objects now: 3894.
Memory consumption went from 123.6 MB to 123.5 MB.
Total: 2.675700 ms (FindLiveObjects: 0.255900 ms CreateObjectMapping: 0.077400 ms MarkObjects: 2.208900 ms  DeleteObjects: 0.132500 ms)

AssetImportParameters requested are different than current active one (requested -> active):
  custom:video-decoder-ogg-theora: a1e56fd34408186e4bbccfd4996cb3dc -> 
  custom:container-muxer-webm: aa71ff27fc2769a1b78a27578f13a17b -> 
  custom:container-demuxer-webm: 4f35f7cbe854078d1ac9338744f61a02 -> 
  custom:video-encoder-webm-vp8: eb34c28f22e8b96e1ab97ce403110664 -> 
  custom:audio-encoder-webm-vorbis: bf7c407c2cedff20999df2af8eb42d56 -> 
  custom:framework-win-MediaFoundation: 216162199b28c13a410421893ffa2e32 -> 
  custom:container-demuxer-ogg: 62fdf1f143b41e24485cea50d1cbac27 -> 
  custom:video-decoder-webm-vp8: 9c59270c3fd7afecdb556c50c9e8de78 -> 
  custom:audio-decoder-ogg-vorbis: bf7c407c2cedff20999df2af8eb42d56 -> 
========================================================================
Received Import Request.
  Time since last request: 18364.567387 seconds.
  path: Assets/scritps/Platform/PlatformSegment.cs
  artifactKey: Guid(16fe7a9a1b52ba5488030d8ada363238) Importer(815301076,1909f56bfc062723c751e8b465ee728b)
Start importing Assets/scritps/Platform/PlatformSegment.cs using Guid(16fe7a9a1b52ba5488030d8ada363238) Importer(815301076,1909f56bfc062723c751e8b465ee728b)  -> (artifact id: 'c9307e19d0ae19501f4df8fc93ab068b') in 0.022083 seconds 
========================================================================
Received Import Request.
  Time since last request: 125.757294 seconds.
  path: Assets/Prefabs/NullPlatform.prefab
  artifactKey: Guid(33a8dbe3bc488334fab7d57b28721289) Importer(815301076,1909f56bfc062723c751e8b465ee728b)
Start importing Assets/Prefabs/NullPlatform.prefab using Guid(33a8dbe3bc488334fab7d57b28721289) Importer(815301076,1909f56bfc062723c751e8b465ee728b)  -> (artifact id: '9ae520c2d535f9e58843e8cd90ba4f79') in 0.052076 seconds 
========================================================================
Received Import Request.
  Time since last request: 7.910646 seconds.
  path: Assets/Prefabs/NullPlatform.prefab
  artifactKey: Guid(33a8dbe3bc488334fab7d57b28721289) Importer(815301076,1909f56bfc062723c751e8b465ee728b)
Start importing Assets/Prefabs/NullPlatform.prefab using Guid(33a8dbe3bc488334fab7d57b28721289) Importer(815301076,1909f56bfc062723c751e8b465ee728b)  -> (artifact id: 'ae89350fa56ac42d6a3787041b884e94') in 0.045362 seconds 
========================================================================
Received Import Request.
  Time since last request: 5.010298 seconds.
  path: Assets/Prefabs/NullPlatform.prefab
  artifactKey: Guid(33a8dbe3bc488334fab7d57b28721289) Importer(815301076,1909f56bfc062723c751e8b465ee728b)
Start importing Assets/Prefabs/NullPlatform.prefab using Guid(33a8dbe3bc488334fab7d57b28721289) Importer(815301076,1909f56bfc062723c751e8b465ee728b)  -> (artifact id: '654bb097f3ffeb4cc375cbead42482bd') in 0.067756 seconds 
========================================================================
Received Import Request.
  Time since last request: 0.590055 seconds.
  path: Assets/Prefabs/NullPlatform.prefab
  artifactKey: Guid(33a8dbe3bc488334fab7d57b28721289) Importer(815301076,1909f56bfc062723c751e8b465ee728b)
Start importing Assets/Prefabs/NullPlatform.prefab using Guid(33a8dbe3bc488334fab7d57b28721289) Importer(815301076,1909f56bfc062723c751e8b465ee728b)  -> (artifact id: 'f095fec039bb716d03939af6fb3933ef') in 0.050876 seconds 
========================================================================
Received Prepare
Registering precompiled user dll's ...
Registered in 0.003704 seconds.
Begin MonoManager ReloadAssembly
Symbol file LoadedFromMemory doesn't match image E:\unityprojects\Helix jump1\Library\PackageCache\com.unity.visualscripting@1.8.0\Editor\VisualScripting.Core\Dependencies\YamlDotNet\Unity.VisualScripting.YamlDotNet.dll
Symbol file LoadedFromMemory doesn't match image E:\unityprojects\Helix jump1\Library\PackageCache\com.unity.visualscripting@1.8.0\Editor\VisualScripting.Core\Dependencies\DotNetZip\Unity.VisualScripting.IonicZip.dll
Native extension for WindowsStandalone target not found
Native extension for Android target not found
Native extension for WebGL target not found
Refreshing native plugins compatible for Editor in 0.82 ms, found 3 plugins.
Preloading 0 native plugins for Editor in 0.00 ms.
Mono: successfully reloaded assembly
- Completed reload, in  0.927 seconds
Domain Reload Profiling:
	ReloadAssembly (928ms)
		BeginReloadAssembly (131ms)
			ExecutionOrderSort (0ms)
			DisableScriptedObjects (5ms)
			BackupInstance (0ms)
			ReleaseScriptingObjects (0ms)
			CreateAndSetChildDomain (36ms)
		EndReloadAssembly (705ms)
			LoadAssemblies (81ms)
			RebuildTransferFunctionScriptingTraits (0ms)
			SetupTypeCache (238ms)
			ReleaseScriptCaches (1ms)
			RebuildScriptCaches (39ms)
			SetupLoadedEditorAssemblies (305ms)
				LogAssemblyErrors (0ms)
				InitializePlatformSupportModulesInManaged (27ms)
				SetLoadedEditorAssemblies (0ms)
				RefreshPlugins (1ms)
				BeforeProcessingInitializeOnLoad (67ms)
				ProcessInitializeOnLoadAttributes (182ms)
				ProcessInitializeOnLoadMethodAttributes (17ms)
				AfterProcessingInitializeOnLoad (10ms)
				EditorAssembliesLoaded (0ms)
			ExecutionOrderSort2 (0ms)
			AwakeInstancesAfterBackupRestoration (6ms)
Platform modules already initialized, skipping
Refreshing native plugins compatible for Editor in 1.73 ms, found 3 plugins.
Preloading 0 native plugins for Editor in 0.00 ms.
Unloading 3407 Unused Serialized files (Serialized files now loaded: 0)
Unloading 18 unused Assets / (133.0 KB). Loaded Objects now: 3906.
Memory consumption went from 125.9 MB to 125.8 MB.
Total: 2.481700 ms (FindLiveObjects: 0.238700 ms CreateObjectMapping: 0.071100 ms MarkObjects: 2.068600 ms  DeleteObjects: 0.102400 ms)

AssetImportParameters requested are different than current active one (requested -> active):
  custom:video-decoder-ogg-theora: a1e56fd34408186e4bbccfd4996cb3dc -> 
  custom:container-muxer-webm: aa71ff27fc2769a1b78a27578f13a17b -> 
  custom:container-demuxer-webm: 4f35f7cbe854078d1ac9338744f61a02 -> 
  custom:video-encoder-webm-vp8: eb34c28f22e8b96e1ab97ce403110664 -> 
  custom:audio-encoder-webm-vorbis: bf7c407c2cedff20999df2af8eb42d56 -> 
  custom:framework-win-MediaFoundation: 216162199b28c13a410421893ffa2e32 -> 
  custom:container-demuxer-ogg: 62fdf1f143b41e24485cea50d1cbac27 -> 
  custom:video-decoder-webm-vp8: 9c59270c3fd7afecdb556c50c9e8de78 -> 
  custom:audio-decoder-ogg-vorbis: bf7c407c2cedff20999df2af8eb42d56 -> 
========================================================================
Received Import Request.
  Time since last request: 74.835705 seconds.
  path: Assets/Prefabs/Platforms/SpawnPlatform.prefab
  artifactKey: Guid(8022a0cec7ddcfd48ab88ca8c25d0bff) Importer(815301076,1909f56bfc062723c751e8b465ee728b)
Start importing Assets/Prefabs/Platforms/SpawnPlatform.prefab using Guid(8022a0cec7ddcfd48ab88ca8c25d0bff) Importer(815301076,1909f56bfc062723c751e8b465ee728b)  -> (artifact id: 'e930584c6d083d13651c304044de553a') in 0.107799 seconds 
========================================================================
Received Import Request.
  Time since last request: 0.614524 seconds.
  path: Assets/Prefabs/Platforms/SpawnPlatform.prefab
  artifactKey: Guid(8022a0cec7ddcfd48ab88ca8c25d0bff) Importer(815301076,1909f56bfc062723c751e8b465ee728b)
Start importing Assets/Prefabs/Platforms/SpawnPlatform.prefab using Guid(8022a0cec7ddcfd48ab88ca8c25d0bff) Importer(815301076,1909f56bfc062723c751e8b465ee728b)  -> (artifact id: '52dfc0c3c8254fd52e62b85b9bae1ead') in 0.029060 seconds 
========================================================================
Received Import Request.
  Time since last request: 1.540261 seconds.
  path: Assets/Prefabs/Platforms/SpawnPlatform.prefab
  artifactKey: Guid(8022a0cec7ddcfd48ab88ca8c25d0bff) Importer(815301076,1909f56bfc062723c751e8b465ee728b)
Start importing Assets/Prefabs/Platforms/SpawnPlatform.prefab using Guid(8022a0cec7ddcfd48ab88ca8c25d0bff) Importer(815301076,1909f56bfc062723c751e8b465ee728b)  -> (artifact id: '09d60ca264600c60ef953e5e2bbbc7ea') in 0.009022 seconds 
========================================================================
Received Import Request.
  Time since last request: 16.304272 seconds.
  path: Assets/Prefabs/Platforms/SpawnPlatform.prefab
  artifactKey: Guid(8022a0cec7ddcfd48ab88ca8c25d0bff) Importer(815301076,1909f56bfc062723c751e8b465ee728b)
Start importing Assets/Prefabs/Platforms/SpawnPlatform.prefab using Guid(8022a0cec7ddcfd48ab88ca8c25d0bff) Importer(815301076,1909f56bfc062723c751e8b465ee728b)  -> (artifact id: 'cf8ee757e94c1ea9e48e404b49e46a1d') in 0.033335 seconds 
========================================================================
Received Import Request.
  Time since last request: 5.631308 seconds.
  path: Assets/Prefabs/Platforms/SpawnPlatform.prefab
  artifactKey: Guid(8022a0cec7ddcfd48ab88ca8c25d0bff) Importer(815301076,1909f56bfc062723c751e8b465ee728b)
Start importing Assets/Prefabs/Platforms/SpawnPlatform.prefab using Guid(8022a0cec7ddcfd48ab88ca8c25d0bff) Importer(815301076,1909f56bfc062723c751e8b465ee728b)  -> (artifact id: '5a1988c0092f755473654b548d91045e') in 0.048538 seconds 
========================================================================
Received Import Request.
  Time since last request: 0.541298 seconds.
  path: Assets/Prefabs/Platforms/SpawnPlatform.prefab
  artifactKey: Guid(8022a0cec7ddcfd48ab88ca8c25d0bff) Importer(815301076,1909f56bfc062723c751e8b465ee728b)
Start importing Assets/Prefabs/Platforms/SpawnPlatform.prefab using Guid(8022a0cec7ddcfd48ab88ca8c25d0bff) Importer(815301076,1909f56bfc062723c751e8b465ee728b)  -> (artifact id: '081e16f724aa36d2e9a333f5a72e062c') in 0.024628 seconds 
========================================================================
Received Prepare
Registering precompiled user dll's ...
Registered in 0.003988 seconds.
Begin MonoManager ReloadAssembly
Symbol file LoadedFromMemory doesn't match image E:\unityprojects\Helix jump1\Library\PackageCache\com.unity.visualscripting@1.8.0\Editor\VisualScripting.Core\Dependencies\YamlDotNet\Unity.VisualScripting.YamlDotNet.dll
Symbol file LoadedFromMemory doesn't match image E:\unityprojects\Helix jump1\Library\PackageCache\com.unity.visualscripting@1.8.0\Editor\VisualScripting.Core\Dependencies\DotNetZip\Unity.VisualScripting.IonicZip.dll
Native extension for WindowsStandalone target not found
Native extension for Android target not found
Native extension for WebGL target not found
Refreshing native plugins compatible for Editor in 0.71 ms, found 3 plugins.
Preloading 0 native plugins for Editor in 0.00 ms.
Mono: successfully reloaded assembly
- Completed reload, in  0.943 seconds
Domain Reload Profiling:
	ReloadAssembly (944ms)
		BeginReloadAssembly (132ms)
			ExecutionOrderSort (0ms)
			DisableScriptedObjects (5ms)
			BackupInstance (0ms)
			ReleaseScriptingObjects (0ms)
			CreateAndSetChildDomain (35ms)
		EndReloadAssembly (715ms)
			LoadAssemblies (89ms)
			RebuildTransferFunctionScriptingTraits (0ms)
			SetupTypeCache (241ms)
			ReleaseScriptCaches (1ms)
			RebuildScriptCaches (41ms)
			SetupLoadedEditorAssemblies (306ms)
				LogAssemblyErrors (0ms)
				InitializePlatformSupportModulesInManaged (27ms)
				SetLoadedEditorAssemblies (0ms)
				RefreshPlugins (1ms)
				BeforeProcessingInitializeOnLoad (67ms)
				ProcessInitializeOnLoadAttributes (182ms)
				ProcessInitializeOnLoadMethodAttributes (19ms)
				AfterProcessingInitializeOnLoad (10ms)
				EditorAssembliesLoaded (0ms)
			ExecutionOrderSort2 (0ms)
			AwakeInstancesAfterBackupRestoration (6ms)
Platform modules already initialized, skipping
Refreshing native plugins compatible for Editor in 1.84 ms, found 3 plugins.
Preloading 0 native plugins for Editor in 0.00 ms.
Unloading 3407 Unused Serialized files (Serialized files now loaded: 0)
Unloading 19 unused Assets / (133.6 KB). Loaded Objects now: 3910.
Memory consumption went from 126.0 MB to 125.8 MB.
Total: 2.820000 ms (FindLiveObjects: 0.243800 ms CreateObjectMapping: 0.110200 ms MarkObjects: 2.361600 ms  DeleteObjects: 0.103600 ms)

AssetImportParameters requested are different than current active one (requested -> active):
  custom:video-decoder-ogg-theora: a1e56fd34408186e4bbccfd4996cb3dc -> 
  custom:container-muxer-webm: aa71ff27fc2769a1b78a27578f13a17b -> 
  custom:container-demuxer-webm: 4f35f7cbe854078d1ac9338744f61a02 -> 
  custom:video-encoder-webm-vp8: eb34c28f22e8b96e1ab97ce403110664 -> 
  custom:audio-encoder-webm-vorbis: bf7c407c2cedff20999df2af8eb42d56 -> 
  custom:framework-win-MediaFoundation: 216162199b28c13a410421893ffa2e32 -> 
  custom:container-demuxer-ogg: 62fdf1f143b41e24485cea50d1cbac27 -> 
  custom:video-decoder-webm-vp8: 9c59270c3fd7afecdb556c50c9e8de78 -> 
  custom:audio-decoder-ogg-vorbis: bf7c407c2cedff20999df2af8eb42d56 -> 
========================================================================
Received Import Request.
  Time since last request: 49.686930 seconds.
  path: Assets/Prefabs/NullPlatform.prefab
  artifactKey: Guid(33a8dbe3bc488334fab7d57b28721289) Importer(815301076,1909f56bfc062723c751e8b465ee728b)
Start importing Assets/Prefabs/NullPlatform.prefab using Guid(33a8dbe3bc488334fab7d57b28721289) Importer(815301076,1909f56bfc062723c751e8b465ee728b)  -> (artifact id: 'c1ded4b0790d9db92d66f6070644f0d6') in 0.026177 seconds 
========================================================================
Received Import Request.
  Time since last request: 1.792067 seconds.
  path: Assets/Prefabs/NullPlatform.prefab
  artifactKey: Guid(33a8dbe3bc488334fab7d57b28721289) Importer(815301076,1909f56bfc062723c751e8b465ee728b)
Start importing Assets/Prefabs/NullPlatform.prefab using Guid(33a8dbe3bc488334fab7d57b28721289) Importer(815301076,1909f56bfc062723c751e8b465ee728b)  -> (artifact id: 'b44f6e1341a21ec9e5364045f42371da') in 0.003822 seconds 
========================================================================
Received Import Request.
  Time since last request: 3.611674 seconds.
  path: Assets/Prefabs/NullPlatform.prefab
  artifactKey: Guid(33a8dbe3bc488334fab7d57b28721289) Importer(815301076,1909f56bfc062723c751e8b465ee728b)
Start importing Assets/Prefabs/NullPlatform.prefab using Guid(33a8dbe3bc488334fab7d57b28721289) Importer(815301076,1909f56bfc062723c751e8b465ee728b)  -> (artifact id: '8432a43411a006b208b1b05b86bd561d') in 0.024808 seconds 
========================================================================
Received Prepare
Registering precompiled user dll's ...
Registered in 0.004204 seconds.
Begin MonoManager ReloadAssembly
Symbol file LoadedFromMemory doesn't match image E:\unityprojects\Helix jump1\Library\PackageCache\com.unity.visualscripting@1.8.0\Editor\VisualScripting.Core\Dependencies\YamlDotNet\Unity.VisualScripting.YamlDotNet.dll
Symbol file LoadedFromMemory doesn't match image E:\unityprojects\Helix jump1\Library\PackageCache\com.unity.visualscripting@1.8.0\Editor\VisualScripting.Core\Dependencies\DotNetZip\Unity.VisualScripting.IonicZip.dll
Native extension for WindowsStandalone target not found
Native extension for Android target not found
Native extension for WebGL target not found
Refreshing native plugins compatible for Editor in 0.71 ms, found 3 plugins.
Preloading 0 native plugins for Editor in 0.00 ms.
Mono: successfully reloaded assembly
- Completed reload, in  0.915 seconds
Domain Reload Profiling:
	ReloadAssembly (915ms)
		BeginReloadAssembly (126ms)
			ExecutionOrderSort (0ms)
			DisableScriptedObjects (5ms)
			BackupInstance (0ms)
			ReleaseScriptingObjects (0ms)
			CreateAndSetChildDomain (33ms)
		EndReloadAssembly (697ms)
			LoadAssemblies (82ms)
			RebuildTransferFunctionScriptingTraits (0ms)
			SetupTypeCache (233ms)
			ReleaseScriptCaches (1ms)
			RebuildScriptCaches (42ms)
			SetupLoadedEditorAssemblies (300ms)
				LogAssemblyErrors (0ms)
				InitializePlatformSupportModulesInManaged (26ms)
				SetLoadedEditorAssemblies (0ms)
				RefreshPlugins (1ms)
				BeforeProcessingInitializeOnLoad (67ms)
				ProcessInitializeOnLoadAttributes (179ms)
				ProcessInitializeOnLoadMethodAttributes (17ms)
				AfterProcessingInitializeOnLoad (9ms)
				EditorAssembliesLoaded (0ms)
			ExecutionOrderSort2 (0ms)
			AwakeInstancesAfterBackupRestoration (6ms)
Platform modules already initialized, skipping
Refreshing native plugins compatible for Editor in 1.65 ms, found 3 plugins.
Preloading 0 native plugins for Editor in 0.00 ms.
Unloading 3407 Unused Serialized files (Serialized files now loaded: 0)
Unloading 18 unused Assets / (133.0 KB). Loaded Objects now: 3913.
Memory consumption went from 126.1 MB to 126.0 MB.
Total: 2.567000 ms (FindLiveObjects: 0.251300 ms CreateObjectMapping: 0.071400 ms MarkObjects: 2.136400 ms  DeleteObjects: 0.107100 ms)

AssetImportParameters requested are different than current active one (requested -> active):
  custom:video-decoder-ogg-theora: a1e56fd34408186e4bbccfd4996cb3dc -> 
  custom:container-muxer-webm: aa71ff27fc2769a1b78a27578f13a17b -> 
  custom:container-demuxer-webm: 4f35f7cbe854078d1ac9338744f61a02 -> 
  custom:video-encoder-webm-vp8: eb34c28f22e8b96e1ab97ce403110664 -> 
  custom:audio-encoder-webm-vorbis: bf7c407c2cedff20999df2af8eb42d56 -> 
  custom:framework-win-MediaFoundation: 216162199b28c13a410421893ffa2e32 -> 
  custom:container-demuxer-ogg: 62fdf1f143b41e24485cea50d1cbac27 -> 
  custom:video-decoder-webm-vp8: 9c59270c3fd7afecdb556c50c9e8de78 -> 
  custom:audio-decoder-ogg-vorbis: bf7c407c2cedff20999df2af8eb42d56 -> 
========================================================================
Received Import Request.
  Time since last request: 28.317308 seconds.
  path: Assets/Prefabs/NullPlatform.prefab
  artifactKey: Guid(33a8dbe3bc488334fab7d57b28721289) Importer(815301076,1909f56bfc062723c751e8b465ee728b)
Start importing Assets/Prefabs/NullPlatform.prefab using Guid(33a8dbe3bc488334fab7d57b28721289) Importer(815301076,1909f56bfc062723c751e8b465ee728b)  -> (artifact id: 'a1cbd6d39e9bc8d951d0576f2ff72bef') in 0.025848 seconds 
========================================================================
Received Prepare
Registering precompiled user dll's ...
Registered in 0.003872 seconds.
Begin MonoManager ReloadAssembly
Symbol file LoadedFromMemory doesn't match image E:\unityprojects\Helix jump1\Library\PackageCache\com.unity.visualscripting@1.8.0\Editor\VisualScripting.Core\Dependencies\YamlDotNet\Unity.VisualScripting.YamlDotNet.dll
Symbol file LoadedFromMemory doesn't match image E:\unityprojects\Helix jump1\Library\PackageCache\com.unity.visualscripting@1.8.0\Editor\VisualScripting.Core\Dependencies\DotNetZip\Unity.VisualScripting.IonicZip.dll
Native extension for WindowsStandalone target not found
Native extension for Android target not found
Native extension for WebGL target not found
Refreshing native plugins compatible for Editor in 0.71 ms, found 3 plugins.
Preloading 0 native plugins for Editor in 0.00 ms.
Mono: successfully reloaded assembly
- Completed reload, in  0.936 seconds
Domain Reload Profiling:
	ReloadAssembly (937ms)
		BeginReloadAssembly (129ms)
			ExecutionOrderSort (0ms)
			DisableScriptedObjects (5ms)
			BackupInstance (0ms)
			ReleaseScriptingObjects (0ms)
			CreateAndSetChildDomain (33ms)
		EndReloadAssembly (712ms)
			LoadAssemblies (87ms)
			RebuildTransferFunctionScriptingTraits (0ms)
			SetupTypeCache (236ms)
			ReleaseScriptCaches (1ms)
			RebuildScriptCaches (40ms)
			SetupLoadedEditorAssemblies (307ms)
				LogAssemblyErrors (0ms)
				InitializePlatformSupportModulesInManaged (28ms)
				SetLoadedEditorAssemblies (0ms)
				RefreshPlugins (1ms)
				BeforeProcessingInitializeOnLoad (69ms)
				ProcessInitializeOnLoadAttributes (182ms)
				ProcessInitializeOnLoadMethodAttributes (17ms)
				AfterProcessingInitializeOnLoad (10ms)
				EditorAssembliesLoaded (0ms)
			ExecutionOrderSort2 (0ms)
			AwakeInstancesAfterBackupRestoration (6ms)
Platform modules already initialized, skipping
Refreshing native plugins compatible for Editor in 1.81 ms, found 3 plugins.
Preloading 0 native plugins for Editor in 0.00 ms.
Unloading 3407 Unused Serialized files (Serialized files now loaded: 0)
Unloading 18 unused Assets / (133.1 KB). Loaded Objects now: 3916.
Memory consumption went from 126.1 MB to 126.0 MB.
Total: 2.854900 ms (FindLiveObjects: 0.258300 ms CreateObjectMapping: 0.137600 ms MarkObjects: 2.348500 ms  DeleteObjects: 0.109300 ms)

AssetImportParameters requested are different than current active one (requested -> active):
  custom:video-decoder-ogg-theora: a1e56fd34408186e4bbccfd4996cb3dc -> 
  custom:container-muxer-webm: aa71ff27fc2769a1b78a27578f13a17b -> 
  custom:container-demuxer-webm: 4f35f7cbe854078d1ac9338744f61a02 -> 
  custom:video-encoder-webm-vp8: eb34c28f22e8b96e1ab97ce403110664 -> 
  custom:audio-encoder-webm-vorbis: bf7c407c2cedff20999df2af8eb42d56 -> 
  custom:framework-win-MediaFoundation: 216162199b28c13a410421893ffa2e32 -> 
  custom:container-demuxer-ogg: 62fdf1f143b41e24485cea50d1cbac27 -> 
  custom:video-decoder-webm-vp8: 9c59270c3fd7afecdb556c50c9e8de78 -> 
  custom:audio-decoder-ogg-vorbis: bf7c407c2cedff20999df2af8eb42d56 -> 
========================================================================
Received Import Request.
  Time since last request: 41.390511 seconds.
  path: Assets/Prefabs/Platforms/Platform.prefab
  artifactKey: Guid(c2aef7676f15bae4399c4a36b68b26b6) Importer(815301076,1909f56bfc062723c751e8b465ee728b)
Start importing Assets/Prefabs/Platforms/Platform.prefab using Guid(c2aef7676f15bae4399c4a36b68b26b6) Importer(815301076,1909f56bfc062723c751e8b465ee728b)  -> (artifact id: 'f991c446e5e7aacf1f7558ac4dcba232') in 0.076082 seconds 
========================================================================
Received Import Request.
  Time since last request: 7.267940 seconds.
  path: Assets/Prefabs/Platforms/SpawnPlatform.prefab
  artifactKey: Guid(8022a0cec7ddcfd48ab88ca8c25d0bff) Importer(815301076,1909f56bfc062723c751e8b465ee728b)
Start importing Assets/Prefabs/Platforms/SpawnPlatform.prefab using Guid(8022a0cec7ddcfd48ab88ca8c25d0bff) Importer(815301076,1909f56bfc062723c751e8b465ee728b)  -> (artifact id: 'e841aa7898c83222e077911ccd7e0a5d') in 0.034995 seconds 
========================================================================
Received Import Request.
  Time since last request: 0.932024 seconds.
  path: Assets/Prefabs/Platforms/SpawnPlatform.prefab
  artifactKey: Guid(8022a0cec7ddcfd48ab88ca8c25d0bff) Importer(815301076,1909f56bfc062723c751e8b465ee728b)
Start importing Assets/Prefabs/Platforms/SpawnPlatform.prefab using Guid(8022a0cec7ddcfd48ab88ca8c25d0bff) Importer(815301076,1909f56bfc062723c751e8b465ee728b)  -> (artifact id: '1f2af6398ee229528f462a4bf15c0d9c') in 0.027803 seconds 
========================================================================
Received Import Request.
  Time since last request: 2.574709 seconds.
  path: Assets/Prefabs/Platforms/SpawnPlatform.prefab
  artifactKey: Guid(8022a0cec7ddcfd48ab88ca8c25d0bff) Importer(815301076,1909f56bfc062723c751e8b465ee728b)
Start importing Assets/Prefabs/Platforms/SpawnPlatform.prefab using Guid(8022a0cec7ddcfd48ab88ca8c25d0bff) Importer(815301076,1909f56bfc062723c751e8b465ee728b)  -> (artifact id: '83e1c0289220e33b7ec7736ce151b152') in 0.020762 seconds 
========================================================================
Received Prepare
Registering precompiled user dll's ...
Registered in 0.004546 seconds.
Begin MonoManager ReloadAssembly
Symbol file LoadedFromMemory doesn't match image E:\unityprojects\Helix jump1\Library\PackageCache\com.unity.visualscripting@1.8.0\Editor\VisualScripting.Core\Dependencies\YamlDotNet\Unity.VisualScripting.YamlDotNet.dll
Symbol file LoadedFromMemory doesn't match image E:\unityprojects\Helix jump1\Library\PackageCache\com.unity.visualscripting@1.8.0\Editor\VisualScripting.Core\Dependencies\DotNetZip\Unity.VisualScripting.IonicZip.dll
Native extension for WindowsStandalone target not found
Native extension for Android target not found
Native extension for WebGL target not found
Refreshing native plugins compatible for Editor in 0.57 ms, found 3 plugins.
Preloading 0 native plugins for Editor in 0.00 ms.
Mono: successfully reloaded assembly
- Completed reload, in  0.934 seconds
Domain Reload Profiling:
	ReloadAssembly (935ms)
		BeginReloadAssembly (126ms)
			ExecutionOrderSort (0ms)
			DisableScriptedObjects (4ms)
			BackupInstance (0ms)
			ReleaseScriptingObjects (0ms)
			CreateAndSetChildDomain (33ms)
		EndReloadAssembly (715ms)
			LoadAssemblies (84ms)
			RebuildTransferFunctionScriptingTraits (0ms)
			SetupTypeCache (238ms)
			ReleaseScriptCaches (1ms)
			RebuildScriptCaches (42ms)
			SetupLoadedEditorAssemblies (310ms)
				LogAssemblyErrors (0ms)
				InitializePlatformSupportModulesInManaged (27ms)
				SetLoadedEditorAssemblies (0ms)
				RefreshPlugins (1ms)
				BeforeProcessingInitializeOnLoad (69ms)
				ProcessInitializeOnLoadAttributes (186ms)
				ProcessInitializeOnLoadMethodAttributes (19ms)
				AfterProcessingInitializeOnLoad (8ms)
				EditorAssembliesLoaded (0ms)
			ExecutionOrderSort2 (0ms)
			AwakeInstancesAfterBackupRestoration (6ms)
Platform modules already initialized, skipping
Refreshing native plugins compatible for Editor in 1.51 ms, found 3 plugins.
Preloading 0 native plugins for Editor in 0.00 ms.
Unloading 3407 Unused Serialized files (Serialized files now loaded: 0)
Unloading 19 unused Assets / (141.8 KB). Loaded Objects now: 3919.
Memory consumption went from 126.1 MB to 126.0 MB.
Total: 2.596900 ms (FindLiveObjects: 0.239300 ms CreateObjectMapping: 0.070700 ms MarkObjects: 2.171000 ms  DeleteObjects: 0.115000 ms)

AssetImportParameters requested are different than current active one (requested -> active):
  custom:video-decoder-ogg-theora: a1e56fd34408186e4bbccfd4996cb3dc -> 
  custom:container-muxer-webm: aa71ff27fc2769a1b78a27578f13a17b -> 
  custom:container-demuxer-webm: 4f35f7cbe854078d1ac9338744f61a02 -> 
  custom:video-encoder-webm-vp8: eb34c28f22e8b96e1ab97ce403110664 -> 
  custom:audio-encoder-webm-vorbis: bf7c407c2cedff20999df2af8eb42d56 -> 
  custom:framework-win-MediaFoundation: 216162199b28c13a410421893ffa2e32 -> 
  custom:container-demuxer-ogg: 62fdf1f143b41e24485cea50d1cbac27 -> 
  custom:video-decoder-webm-vp8: 9c59270c3fd7afecdb556c50c9e8de78 -> 
  custom:audio-decoder-ogg-vorbis: bf7c407c2cedff20999df2af8eb42d56 -> 
========================================================================
Received Prepare
Registering precompiled user dll's ...
Registered in 0.004305 seconds.
Begin MonoManager ReloadAssembly
Symbol file LoadedFromMemory doesn't match image E:\unityprojects\Helix jump1\Library\PackageCache\com.unity.visualscripting@1.8.0\Editor\VisualScripting.Core\Dependencies\YamlDotNet\Unity.VisualScripting.YamlDotNet.dll
Symbol file LoadedFromMemory doesn't match image E:\unityprojects\Helix jump1\Library\PackageCache\com.unity.visualscripting@1.8.0\Editor\VisualScripting.Core\Dependencies\DotNetZip\Unity.VisualScripting.IonicZip.dll
Native extension for WindowsStandalone target not found
Native extension for Android target not found
Native extension for WebGL target not found
Refreshing native plugins compatible for Editor in 0.61 ms, found 3 plugins.
Preloading 0 native plugins for Editor in 0.00 ms.
Mono: successfully reloaded assembly
- Completed reload, in  0.923 seconds
Domain Reload Profiling:
	ReloadAssembly (924ms)
		BeginReloadAssembly (128ms)
			ExecutionOrderSort (0ms)
			DisableScriptedObjects (5ms)
			BackupInstance (0ms)
			ReleaseScriptingObjects (0ms)
			CreateAndSetChildDomain (32ms)
		EndReloadAssembly (703ms)
			LoadAssemblies (84ms)
			RebuildTransferFunctionScriptingTraits (0ms)
			SetupTypeCache (235ms)
			ReleaseScriptCaches (1ms)
			RebuildScriptCaches (40ms)
			SetupLoadedEditorAssemblies (305ms)
				LogAssemblyErrors (0ms)
				InitializePlatformSupportModulesInManaged (26ms)
				SetLoadedEditorAssemblies (0ms)
				RefreshPlugins (1ms)
				BeforeProcessingInitializeOnLoad (68ms)
				ProcessInitializeOnLoadAttributes (184ms)
				ProcessInitializeOnLoadMethodAttributes (17ms)
				AfterProcessingInitializeOnLoad (9ms)
				EditorAssembliesLoaded (0ms)
			ExecutionOrderSort2 (0ms)
			AwakeInstancesAfterBackupRestoration (6ms)
Platform modules already initialized, skipping
Refreshing native plugins compatible for Editor in 1.76 ms, found 3 plugins.
Preloading 0 native plugins for Editor in 0.00 ms.
Unloading 3407 Unused Serialized files (Serialized files now loaded: 0)
Unloading 18 unused Assets / (141.0 KB). Loaded Objects now: 3922.
Memory consumption went from 126.1 MB to 126.0 MB.
Total: 2.530000 ms (FindLiveObjects: 0.240000 ms CreateObjectMapping: 0.070800 ms MarkObjects: 2.105000 ms  DeleteObjects: 0.113300 ms)

AssetImportParameters requested are different than current active one (requested -> active):
  custom:video-decoder-ogg-theora: a1e56fd34408186e4bbccfd4996cb3dc -> 
  custom:container-muxer-webm: aa71ff27fc2769a1b78a27578f13a17b -> 
  custom:container-demuxer-webm: 4f35f7cbe854078d1ac9338744f61a02 -> 
  custom:video-encoder-webm-vp8: eb34c28f22e8b96e1ab97ce403110664 -> 
  custom:audio-encoder-webm-vorbis: bf7c407c2cedff20999df2af8eb42d56 -> 
  custom:framework-win-MediaFoundation: 216162199b28c13a410421893ffa2e32 -> 
  custom:container-demuxer-ogg: 62fdf1f143b41e24485cea50d1cbac27 -> 
  custom:video-decoder-webm-vp8: 9c59270c3fd7afecdb556c50c9e8de78 -> 
  custom:audio-decoder-ogg-vorbis: bf7c407c2cedff20999df2af8eb42d56 -> 
========================================================================
Received Prepare
Registering precompiled user dll's ...
Registered in 0.004413 seconds.
Begin MonoManager ReloadAssembly
Symbol file LoadedFromMemory doesn't match image E:\unityprojects\Helix jump1\Library\PackageCache\com.unity.visualscripting@1.8.0\Editor\VisualScripting.Core\Dependencies\YamlDotNet\Unity.VisualScripting.YamlDotNet.dll
Symbol file LoadedFromMemory doesn't match image E:\unityprojects\Helix jump1\Library\PackageCache\com.unity.visualscripting@1.8.0\Editor\VisualScripting.Core\Dependencies\DotNetZip\Unity.VisualScripting.IonicZip.dll
Native extension for WindowsStandalone target not found
Native extension for Android target not found
Native extension for WebGL target not found
Refreshing native plugins compatible for Editor in 0.73 ms, found 3 plugins.
Preloading 0 native plugins for Editor in 0.00 ms.
Mono: successfully reloaded assembly
- Completed reload, in  0.936 seconds
Domain Reload Profiling:
	ReloadAssembly (937ms)
		BeginReloadAssembly (129ms)
			ExecutionOrderSort (0ms)
			DisableScriptedObjects (6ms)
			BackupInstance (0ms)
			ReleaseScriptingObjects (0ms)
			CreateAndSetChildDomain (33ms)
		EndReloadAssembly (711ms)
			LoadAssemblies (85ms)
			RebuildTransferFunctionScriptingTraits (0ms)
			SetupTypeCache (234ms)
			ReleaseScriptCaches (1ms)
			RebuildScriptCaches (40ms)
			SetupLoadedEditorAssemblies (312ms)
				LogAssemblyErrors (0ms)
				InitializePlatformSupportModulesInManaged (27ms)
				SetLoadedEditorAssemblies (0ms)
				RefreshPlugins (1ms)
				BeforeProcessingInitializeOnLoad (68ms)
				ProcessInitializeOnLoadAttributes (190ms)
				ProcessInitializeOnLoadMethodAttributes (17ms)
				AfterProcessingInitializeOnLoad (9ms)
				EditorAssembliesLoaded (0ms)
			ExecutionOrderSort2 (0ms)
			AwakeInstancesAfterBackupRestoration (6ms)
Platform modules already initialized, skipping
Refreshing native plugins compatible for Editor in 1.68 ms, found 3 plugins.
Preloading 0 native plugins for Editor in 0.00 ms.
Unloading 3407 Unused Serialized files (Serialized files now loaded: 0)
Unloading 18 unused Assets / (133.1 KB). Loaded Objects now: 3925.
Memory consumption went from 126.1 MB to 126.0 MB.
Total: 2.541200 ms (FindLiveObjects: 0.251900 ms CreateObjectMapping: 0.079000 ms MarkObjects: 2.102900 ms  DeleteObjects: 0.106600 ms)

AssetImportParameters requested are different than current active one (requested -> active):
  custom:video-decoder-ogg-theora: a1e56fd34408186e4bbccfd4996cb3dc -> 
  custom:container-muxer-webm: aa71ff27fc2769a1b78a27578f13a17b -> 
  custom:container-demuxer-webm: 4f35f7cbe854078d1ac9338744f61a02 -> 
  custom:video-encoder-webm-vp8: eb34c28f22e8b96e1ab97ce403110664 -> 
  custom:audio-encoder-webm-vorbis: bf7c407c2cedff20999df2af8eb42d56 -> 
  custom:framework-win-MediaFoundation: 216162199b28c13a410421893ffa2e32 -> 
  custom:container-demuxer-ogg: 62fdf1f143b41e24485cea50d1cbac27 -> 
  custom:video-decoder-webm-vp8: 9c59270c3fd7afecdb556c50c9e8de78 -> 
  custom:audio-decoder-ogg-vorbis: bf7c407c2cedff20999df2af8eb42d56 -> 
========================================================================
Received Import Request.
  Time since last request: 88.000710 seconds.
  path: Assets/Prefabs/NullPlatform.prefab
  artifactKey: Guid(33a8dbe3bc488334fab7d57b28721289) Importer(815301076,1909f56bfc062723c751e8b465ee728b)
Start importing Assets/Prefabs/NullPlatform.prefab using Guid(33a8dbe3bc488334fab7d57b28721289) Importer(815301076,1909f56bfc062723c751e8b465ee728b)  -> (artifact id: 'a22dd41305a84384c9cf8df9358a32be') in 0.027575 seconds 
========================================================================
Received Import Request.
  Time since last request: 2.141000 seconds.
  path: Assets/Prefabs/NullPlatform.prefab
  artifactKey: Guid(33a8dbe3bc488334fab7d57b28721289) Importer(815301076,1909f56bfc062723c751e8b465ee728b)
Start importing Assets/Prefabs/NullPlatform.prefab using Guid(33a8dbe3bc488334fab7d57b28721289) Importer(815301076,1909f56bfc062723c751e8b465ee728b)  -> (artifact id: '45db43a565643c6e5812b9694edd36e8') in 0.002901 seconds 
========================================================================
Received Import Request.
  Time since last request: 2.265693 seconds.
  path: Assets/Prefabs/NullPlatform.prefab
  artifactKey: Guid(33a8dbe3bc488334fab7d57b28721289) Importer(815301076,1909f56bfc062723c751e8b465ee728b)
Start importing Assets/Prefabs/NullPlatform.prefab using Guid(33a8dbe3bc488334fab7d57b28721289) Importer(815301076,1909f56bfc062723c751e8b465ee728b)  -> (artifact id: 'b0741f848161532d22103674b7ea0014') in 0.003147 seconds 
========================================================================
Received Import Request.
  Time since last request: 0.392019 seconds.
  path: Assets/Prefabs/NullPlatform.prefab
  artifactKey: Guid(33a8dbe3bc488334fab7d57b28721289) Importer(815301076,1909f56bfc062723c751e8b465ee728b)
Start importing Assets/Prefabs/NullPlatform.prefab using Guid(33a8dbe3bc488334fab7d57b28721289) Importer(815301076,1909f56bfc062723c751e8b465ee728b)  -> (artifact id: '4e39ef854bf9291e3c0f4dd83c9e8636') in 0.002953 seconds 
========================================================================
Received Import Request.
  Time since last request: 4.981165 seconds.
  path: Assets/Prefabs/NullPlatform.prefab
  artifactKey: Guid(33a8dbe3bc488334fab7d57b28721289) Importer(815301076,1909f56bfc062723c751e8b465ee728b)
Start importing Assets/Prefabs/NullPlatform.prefab using Guid(33a8dbe3bc488334fab7d57b28721289) Importer(815301076,1909f56bfc062723c751e8b465ee728b)  -> (artifact id: '04b031a02ae26af3784847890d0f66e2') in 0.002935 seconds 
========================================================================
Received Import Request.
  Time since last request: 0.603636 seconds.
  path: Assets/Prefabs/NullPlatform.prefab
  artifactKey: Guid(33a8dbe3bc488334fab7d57b28721289) Importer(815301076,1909f56bfc062723c751e8b465ee728b)
Start importing Assets/Prefabs/NullPlatform.prefab using Guid(33a8dbe3bc488334fab7d57b28721289) Importer(815301076,1909f56bfc062723c751e8b465ee728b)  -> (artifact id: '5c0df67097fe36d464be8f57d0e2c43d') in 0.002989 seconds 
========================================================================
Received Import Request.
  Time since last request: 4.509325 seconds.
  path: Assets/Prefabs/NullPlatform.prefab
  artifactKey: Guid(33a8dbe3bc488334fab7d57b28721289) Importer(815301076,1909f56bfc062723c751e8b465ee728b)
Start importing Assets/Prefabs/NullPlatform.prefab using Guid(33a8dbe3bc488334fab7d57b28721289) Importer(815301076,1909f56bfc062723c751e8b465ee728b)  -> (artifact id: '01b6b6d4621e9e4f1b7a5babddb05284') in 0.002971 seconds 
========================================================================
Received Import Request.
  Time since last request: 11.375082 seconds.
  path: Assets/Prefabs/NullPlatform.prefab
  artifactKey: Guid(33a8dbe3bc488334fab7d57b28721289) Importer(815301076,1909f56bfc062723c751e8b465ee728b)
Start importing Assets/Prefabs/NullPlatform.prefab using Guid(33a8dbe3bc488334fab7d57b28721289) Importer(815301076,1909f56bfc062723c751e8b465ee728b)  -> (artifact id: 'a8b240126638f8eff4d425fb882ffafb') in 0.003225 seconds 
========================================================================
Received Prepare
Registering precompiled user dll's ...
Registered in 0.004346 seconds.
Begin MonoManager ReloadAssembly
Symbol file LoadedFromMemory doesn't match image E:\unityprojects\Helix jump1\Library\PackageCache\com.unity.visualscripting@1.8.0\Editor\VisualScripting.Core\Dependencies\YamlDotNet\Unity.VisualScripting.YamlDotNet.dll
Symbol file LoadedFromMemory doesn't match image E:\unityprojects\Helix jump1\Library\PackageCache\com.unity.visualscripting@1.8.0\Editor\VisualScripting.Core\Dependencies\DotNetZip\Unity.VisualScripting.IonicZip.dll
Native extension for WindowsStandalone target not found
Native extension for Android target not found
Native extension for WebGL target not found
Refreshing native plugins compatible for Editor in 0.66 ms, found 3 plugins.
Preloading 0 native plugins for Editor in 0.00 ms.
Mono: successfully reloaded assembly
- Completed reload, in  0.932 seconds
Domain Reload Profiling:
	ReloadAssembly (932ms)
		BeginReloadAssembly (133ms)
			ExecutionOrderSort (0ms)
			DisableScriptedObjects (5ms)
			BackupInstance (0ms)
			ReleaseScriptingObjects (0ms)
			CreateAndSetChildDomain (34ms)
		EndReloadAssembly (704ms)
			LoadAssemblies (88ms)
			RebuildTransferFunctionScriptingTraits (0ms)
			SetupTypeCache (236ms)
			ReleaseScriptCaches (1ms)
			RebuildScriptCaches (39ms)
			SetupLoadedEditorAssemblies (305ms)
				LogAssemblyErrors (0ms)
				InitializePlatformSupportModulesInManaged (26ms)
				SetLoadedEditorAssemblies (0ms)
				RefreshPlugins (1ms)
				BeforeProcessingInitializeOnLoad (67ms)
				ProcessInitializeOnLoadAttributes (183ms)
				ProcessInitializeOnLoadMethodAttributes (18ms)
				AfterProcessingInitializeOnLoad (10ms)
				EditorAssembliesLoaded (0ms)
			ExecutionOrderSort2 (0ms)
			AwakeInstancesAfterBackupRestoration (5ms)
Platform modules already initialized, skipping
Refreshing native plugins compatible for Editor in 1.86 ms, found 3 plugins.
Preloading 0 native plugins for Editor in 0.00 ms.
Unloading 3407 Unused Serialized files (Serialized files now loaded: 0)
Unloading 18 unused Assets / (133.0 KB). Loaded Objects now: 3928.
Memory consumption went from 126.1 MB to 126.0 MB.
Total: 2.776000 ms (FindLiveObjects: 0.276400 ms CreateObjectMapping: 0.070000 ms MarkObjects: 2.327100 ms  DeleteObjects: 0.101500 ms)

AssetImportParameters requested are different than current active one (requested -> active):
  custom:video-decoder-ogg-theora: a1e56fd34408186e4bbccfd4996cb3dc -> 
  custom:container-muxer-webm: aa71ff27fc2769a1b78a27578f13a17b -> 
  custom:container-demuxer-webm: 4f35f7cbe854078d1ac9338744f61a02 -> 
  custom:video-encoder-webm-vp8: eb34c28f22e8b96e1ab97ce403110664 -> 
  custom:audio-encoder-webm-vorbis: bf7c407c2cedff20999df2af8eb42d56 -> 
  custom:framework-win-MediaFoundation: 216162199b28c13a410421893ffa2e32 -> 
  custom:container-demuxer-ogg: 62fdf1f143b41e24485cea50d1cbac27 -> 
  custom:video-decoder-webm-vp8: 9c59270c3fd7afecdb556c50c9e8de78 -> 
  custom:audio-decoder-ogg-vorbis: bf7c407c2cedff20999df2af8eb42d56 -> 
========================================================================
Received Import Request.
  Time since last request: 69.197409 seconds.
  path: Assets/Prefabs/surfacePlatform.prefab
  artifactKey: Guid(6e4515f3e8632914389450e75475068b) Importer(815301076,1909f56bfc062723c751e8b465ee728b)
Start importing Assets/Prefabs/surfacePlatform.prefab using Guid(6e4515f3e8632914389450e75475068b) Importer(815301076,1909f56bfc062723c751e8b465ee728b)  -> (artifact id: '50672fffc398f8fdd4c8f6b82c1f90a7') in 0.081748 seconds 
========================================================================
Received Import Request.
  Time since last request: 0.680317 seconds.
  path: Assets/Prefabs/surfacePlatform.prefab
  artifactKey: Guid(6e4515f3e8632914389450e75475068b) Importer(815301076,1909f56bfc062723c751e8b465ee728b)
Start importing Assets/Prefabs/surfacePlatform.prefab using Guid(6e4515f3e8632914389450e75475068b) Importer(815301076,1909f56bfc062723c751e8b465ee728b)  -> (artifact id: '2bd7f34aee7dd92c5f517cc060a569d8') in 0.041774 seconds 
========================================================================
Received Import Request.
  Time since last request: 5.580969 seconds.
  path: Assets/Prefabs/NullPlatform.prefab
  artifactKey: Guid(33a8dbe3bc488334fab7d57b28721289) Importer(815301076,1909f56bfc062723c751e8b465ee728b)
Start importing Assets/Prefabs/NullPlatform.prefab using Guid(33a8dbe3bc488334fab7d57b28721289) Importer(815301076,1909f56bfc062723c751e8b465ee728b)  -> (artifact id: '78b8bfb51ab3b21b9b89f2ce4acfe743') in 0.003491 seconds 
========================================================================
Received Import Request.
  Time since last request: 25.259275 seconds.
  path: Assets/Prefabs/NullPlatform.prefab
  artifactKey: Guid(33a8dbe3bc488334fab7d57b28721289) Importer(815301076,1909f56bfc062723c751e8b465ee728b)
Start importing Assets/Prefabs/NullPlatform.prefab using Guid(33a8dbe3bc488334fab7d57b28721289) Importer(815301076,1909f56bfc062723c751e8b465ee728b)  -> (artifact id: '438b841371d6440f8cf200a1f3c4bc0a') in 0.003324 seconds 
========================================================================
Received Prepare
Registering precompiled user dll's ...
Registered in 0.004507 seconds.
Begin MonoManager ReloadAssembly
Symbol file LoadedFromMemory doesn't match image E:\unityprojects\Helix jump1\Library\PackageCache\com.unity.visualscripting@1.8.0\Editor\VisualScripting.Core\Dependencies\YamlDotNet\Unity.VisualScripting.YamlDotNet.dll
Symbol file LoadedFromMemory doesn't match image E:\unityprojects\Helix jump1\Library\PackageCache\com.unity.visualscripting@1.8.0\Editor\VisualScripting.Core\Dependencies\DotNetZip\Unity.VisualScripting.IonicZip.dll
Native extension for WindowsStandalone target not found
Native extension for Android target not found
Native extension for WebGL target not found
Refreshing native plugins compatible for Editor in 0.60 ms, found 3 plugins.
Preloading 0 native plugins for Editor in 0.00 ms.
Mono: successfully reloaded assembly
- Completed reload, in  0.930 seconds
Domain Reload Profiling:
	ReloadAssembly (931ms)
		BeginReloadAssembly (131ms)
			ExecutionOrderSort (0ms)
			DisableScriptedObjects (4ms)
			BackupInstance (0ms)
			ReleaseScriptingObjects (0ms)
			CreateAndSetChildDomain (35ms)
		EndReloadAssembly (705ms)
			LoadAssemblies (85ms)
			RebuildTransferFunctionScriptingTraits (0ms)
			SetupTypeCache (239ms)
			ReleaseScriptCaches (1ms)
			RebuildScriptCaches (39ms)
			SetupLoadedEditorAssemblies (303ms)
				LogAssemblyErrors (0ms)
				InitializePlatformSupportModulesInManaged (26ms)
				SetLoadedEditorAssemblies (0ms)
				RefreshPlugins (1ms)
				BeforeProcessingInitializeOnLoad (66ms)
				ProcessInitializeOnLoadAttributes (183ms)
				ProcessInitializeOnLoadMethodAttributes (18ms)
				AfterProcessingInitializeOnLoad (8ms)
				EditorAssembliesLoaded (0ms)
			ExecutionOrderSort2 (0ms)
			AwakeInstancesAfterBackupRestoration (5ms)
Platform modules already initialized, skipping
Refreshing native plugins compatible for Editor in 1.56 ms, found 3 plugins.
Preloading 0 native plugins for Editor in 0.00 ms.
Unloading 3407 Unused Serialized files (Serialized files now loaded: 0)
Unloading 18 unused Assets / (125.2 KB). Loaded Objects now: 3931.
Memory consumption went from 126.2 MB to 126.0 MB.
Total: 2.601300 ms (FindLiveObjects: 0.246000 ms CreateObjectMapping: 0.071800 ms MarkObjects: 2.182600 ms  DeleteObjects: 0.100200 ms)

AssetImportParameters requested are different than current active one (requested -> active):
  custom:video-decoder-ogg-theora: a1e56fd34408186e4bbccfd4996cb3dc -> 
  custom:container-muxer-webm: aa71ff27fc2769a1b78a27578f13a17b -> 
  custom:container-demuxer-webm: 4f35f7cbe854078d1ac9338744f61a02 -> 
  custom:video-encoder-webm-vp8: eb34c28f22e8b96e1ab97ce403110664 -> 
  custom:audio-encoder-webm-vorbis: bf7c407c2cedff20999df2af8eb42d56 -> 
  custom:framework-win-MediaFoundation: 216162199b28c13a410421893ffa2e32 -> 
  custom:container-demuxer-ogg: 62fdf1f143b41e24485cea50d1cbac27 -> 
  custom:video-decoder-webm-vp8: 9c59270c3fd7afecdb556c50c9e8de78 -> 
  custom:audio-decoder-ogg-vorbis: bf7c407c2cedff20999df2af8eb42d56 -> 
========================================================================
Received Import Request.
  Time since last request: 63.241422 seconds.
  path: Assets/Prefabs/surfacePlatform.prefab
  artifactKey: Guid(6e4515f3e8632914389450e75475068b) Importer(815301076,1909f56bfc062723c751e8b465ee728b)
Start importing Assets/Prefabs/surfacePlatform.prefab using Guid(6e4515f3e8632914389450e75475068b) Importer(815301076,1909f56bfc062723c751e8b465ee728b)  -> (artifact id: '234ccd6c6753917fe37393e9eec4bcd3') in 0.123113 seconds 
========================================================================
Received Import Request.
  Time since last request: 2.610810 seconds.
  path: Assets/Prefabs/surfacePlatform.prefab
  artifactKey: Guid(6e4515f3e8632914389450e75475068b) Importer(815301076,1909f56bfc062723c751e8b465ee728b)
Start importing Assets/Prefabs/surfacePlatform.prefab using Guid(6e4515f3e8632914389450e75475068b) Importer(815301076,1909f56bfc062723c751e8b465ee728b)  -> (artifact id: 'b21bfd14a068fe4d210ae0bfd8ecd031') in 0.009808 seconds 
========================================================================
Received Import Request.
  Time since last request: 2.610304 seconds.
  path: Assets/Prefabs/Platforms/FinishPlatform.prefab
  artifactKey: Guid(b583b9b63944ab740b66f9d1fc99f2e0) Importer(815301076,1909f56bfc062723c751e8b465ee728b)
Start importing Assets/Prefabs/Platforms/FinishPlatform.prefab using Guid(b583b9b63944ab740b66f9d1fc99f2e0) Importer(815301076,1909f56bfc062723c751e8b465ee728b)  -> (artifact id: '7c957a5e064fdc79b8cdd6b109b9abd9') in 0.015580 seconds 
========================================================================
Received Import Request.
  Time since last request: 0.000017 seconds.
  path: Assets/Prefabs/Platforms/SpawnPlatform.prefab
  artifactKey: Guid(8022a0cec7ddcfd48ab88ca8c25d0bff) Importer(815301076,1909f56bfc062723c751e8b465ee728b)
Start importing Assets/Prefabs/Platforms/SpawnPlatform.prefab using Guid(8022a0cec7ddcfd48ab88ca8c25d0bff) Importer(815301076,1909f56bfc062723c751e8b465ee728b)  -> (artifact id: '44c7f406ad655719d3986458e7d05906') in 0.010132 seconds 
========================================================================
Received Import Request.
  Time since last request: 27.091259 seconds.
  path: Assets/Prefabs/NullPlatform.prefab
  artifactKey: Guid(33a8dbe3bc488334fab7d57b28721289) Importer(815301076,1909f56bfc062723c751e8b465ee728b)
Start importing Assets/Prefabs/NullPlatform.prefab using Guid(33a8dbe3bc488334fab7d57b28721289) Importer(815301076,1909f56bfc062723c751e8b465ee728b)  -> (artifact id: '2a6465f232cb2ab4e55fbbc8a4ccd73a') in 0.003198 seconds 
========================================================================
Received Import Request.
  Time since last request: 5.426295 seconds.
  path: Assets/Prefabs/NullPlatform.prefab
  artifactKey: Guid(33a8dbe3bc488334fab7d57b28721289) Importer(815301076,1909f56bfc062723c751e8b465ee728b)
Start importing Assets/Prefabs/NullPlatform.prefab using Guid(33a8dbe3bc488334fab7d57b28721289) Importer(815301076,1909f56bfc062723c751e8b465ee728b)  -> (artifact id: '9c118cbc5c2941202442dfd7ec78c12c') in 0.003140 seconds 
========================================================================
Received Import Request.
  Time since last request: 0.686640 seconds.
  path: Assets/Prefabs/NullPlatform.prefab
  artifactKey: Guid(33a8dbe3bc488334fab7d57b28721289) Importer(815301076,1909f56bfc062723c751e8b465ee728b)
Start importing Assets/Prefabs/NullPlatform.prefab using Guid(33a8dbe3bc488334fab7d57b28721289) Importer(815301076,1909f56bfc062723c751e8b465ee728b)  -> (artifact id: '1158b15db5882d96cf3413473ad972ca') in 0.002728 seconds 
========================================================================
Received Import Request.
  Time since last request: 16.514472 seconds.
  path: Assets/Prefabs/surfacePlatform.prefab
  artifactKey: Guid(6e4515f3e8632914389450e75475068b) Importer(815301076,1909f56bfc062723c751e8b465ee728b)
Start importing Assets/Prefabs/surfacePlatform.prefab using Guid(6e4515f3e8632914389450e75475068b) Importer(815301076,1909f56bfc062723c751e8b465ee728b)  -> (artifact id: '24c43eb9ae3b0c3dfa6da68f4335f503') in 0.201903 seconds 
========================================================================
Received Prepare
Registering precompiled user dll's ...
Registered in 0.003991 seconds.
Begin MonoManager ReloadAssembly
Symbol file LoadedFromMemory doesn't match image E:\unityprojects\Helix jump1\Library\PackageCache\com.unity.visualscripting@1.8.0\Editor\VisualScripting.Core\Dependencies\YamlDotNet\Unity.VisualScripting.YamlDotNet.dll
Symbol file LoadedFromMemory doesn't match image E:\unityprojects\Helix jump1\Library\PackageCache\com.unity.visualscripting@1.8.0\Editor\VisualScripting.Core\Dependencies\DotNetZip\Unity.VisualScripting.IonicZip.dll
Native extension for WindowsStandalone target not found
Native extension for Android target not found
Native extension for WebGL target not found
Refreshing native plugins compatible for Editor in 0.67 ms, found 3 plugins.
Preloading 0 native plugins for Editor in 0.00 ms.
Mono: successfully reloaded assembly
- Completed reload, in  0.915 seconds
Domain Reload Profiling:
	ReloadAssembly (915ms)
		BeginReloadAssembly (127ms)
			ExecutionOrderSort (0ms)
			DisableScriptedObjects (5ms)
			BackupInstance (0ms)
			ReleaseScriptingObjects (0ms)
			CreateAndSetChildDomain (34ms)
		EndReloadAssembly (695ms)
			LoadAssemblies (81ms)
			RebuildTransferFunctionScriptingTraits (0ms)
			SetupTypeCache (232ms)
			ReleaseScriptCaches (1ms)
			RebuildScriptCaches (39ms)
			SetupLoadedEditorAssemblies (302ms)
				LogAssemblyErrors (0ms)
				InitializePlatformSupportModulesInManaged (27ms)
				SetLoadedEditorAssemblies (0ms)
				RefreshPlugins (1ms)
				BeforeProcessingInitializeOnLoad (66ms)
				ProcessInitializeOnLoadAttributes (181ms)
				ProcessInitializeOnLoadMethodAttributes (17ms)
				AfterProcessingInitializeOnLoad (8ms)
				EditorAssembliesLoaded (0ms)
			ExecutionOrderSort2 (0ms)
			AwakeInstancesAfterBackupRestoration (6ms)
Platform modules already initialized, skipping
Refreshing native plugins compatible for Editor in 1.74 ms, found 3 plugins.
Preloading 0 native plugins for Editor in 0.00 ms.
Unloading 3407 Unused Serialized files (Serialized files now loaded: 0)
Unloading 19 unused Assets / (141.5 KB). Loaded Objects now: 3934.
Memory consumption went from 126.2 MB to 126.1 MB.
Total: 2.454500 ms (FindLiveObjects: 0.246300 ms CreateObjectMapping: 0.064200 ms MarkObjects: 2.034700 ms  DeleteObjects: 0.108400 ms)

AssetImportParameters requested are different than current active one (requested -> active):
  custom:video-decoder-ogg-theora: a1e56fd34408186e4bbccfd4996cb3dc -> 
  custom:container-muxer-webm: aa71ff27fc2769a1b78a27578f13a17b -> 
  custom:container-demuxer-webm: 4f35f7cbe854078d1ac9338744f61a02 -> 
  custom:video-encoder-webm-vp8: eb34c28f22e8b96e1ab97ce403110664 -> 
  custom:audio-encoder-webm-vorbis: bf7c407c2cedff20999df2af8eb42d56 -> 
  custom:framework-win-MediaFoundation: 216162199b28c13a410421893ffa2e32 -> 
  custom:container-demuxer-ogg: 62fdf1f143b41e24485cea50d1cbac27 -> 
  custom:video-decoder-webm-vp8: 9c59270c3fd7afecdb556c50c9e8de78 -> 
  custom:audio-decoder-ogg-vorbis: bf7c407c2cedff20999df2af8eb42d56 -> 
========================================================================
Received Import Request.
  Time since last request: 69.224626 seconds.
  path: Assets/Prefabs/NullPlatform.prefab
  artifactKey: Guid(33a8dbe3bc488334fab7d57b28721289) Importer(815301076,1909f56bfc062723c751e8b465ee728b)
Start importing Assets/Prefabs/NullPlatform.prefab using Guid(33a8dbe3bc488334fab7d57b28721289) Importer(815301076,1909f56bfc062723c751e8b465ee728b)  -> (artifact id: 'e06196650f40d294085a0593c5b639a6') in 0.026363 seconds 
========================================================================
Received Import Request.
  Time since last request: 13.747695 seconds.
  path: Assets/Prefabs/NullPlatform.prefab
  artifactKey: Guid(33a8dbe3bc488334fab7d57b28721289) Importer(815301076,1909f56bfc062723c751e8b465ee728b)
Start importing Assets/Prefabs/NullPlatform.prefab using Guid(33a8dbe3bc488334fab7d57b28721289) Importer(815301076,1909f56bfc062723c751e8b465ee728b)  -> (artifact id: 'a842e90e2c094b450ece277a62bbf618') in 0.003087 seconds 
========================================================================
Received Import Request.
  Time since last request: 3.948096 seconds.
  path: Assets/Prefabs/NullPlatform.prefab
  artifactKey: Guid(33a8dbe3bc488334fab7d57b28721289) Importer(815301076,1909f56bfc062723c751e8b465ee728b)
Start importing Assets/Prefabs/NullPlatform.prefab using Guid(33a8dbe3bc488334fab7d57b28721289) Importer(815301076,1909f56bfc062723c751e8b465ee728b)  -> (artifact id: '82a1869b0bb66334a34f8c30e45a95fd') in 0.003332 seconds 
========================================================================
Received Import Request.
  Time since last request: 7.182732 seconds.
  path: Assets/Prefabs/NullPlatform.prefab
  artifactKey: Guid(33a8dbe3bc488334fab7d57b28721289) Importer(815301076,1909f56bfc062723c751e8b465ee728b)
Start importing Assets/Prefabs/NullPlatform.prefab using Guid(33a8dbe3bc488334fab7d57b28721289) Importer(815301076,1909f56bfc062723c751e8b465ee728b)  -> (artifact id: '05862f4047e43734a423664d4714da44') in 0.002928 seconds 
========================================================================
Received Import Request.
  Time since last request: 2.256728 seconds.
  path: Assets/Prefabs/NullPlatform.prefab
  artifactKey: Guid(33a8dbe3bc488334fab7d57b28721289) Importer(815301076,1909f56bfc062723c751e8b465ee728b)
Start importing Assets/Prefabs/NullPlatform.prefab using Guid(33a8dbe3bc488334fab7d57b28721289) Importer(815301076,1909f56bfc062723c751e8b465ee728b)  -> (artifact id: '3357e9477f8216a6103b4f834295e200') in 0.003305 seconds 
========================================================================
Received Import Request.
  Time since last request: 0.420806 seconds.
  path: Assets/Prefabs/NullPlatform.prefab
  artifactKey: Guid(33a8dbe3bc488334fab7d57b28721289) Importer(815301076,1909f56bfc062723c751e8b465ee728b)
Start importing Assets/Prefabs/NullPlatform.prefab using Guid(33a8dbe3bc488334fab7d57b28721289) Importer(815301076,1909f56bfc062723c751e8b465ee728b)  -> (artifact id: '2215947ae80dbe4c66cf40afac4b4d03') in 0.003126 seconds 
========================================================================
Received Import Request.
  Time since last request: 8.829897 seconds.
  path: Assets/Prefabs/NullPlatform.prefab
  artifactKey: Guid(33a8dbe3bc488334fab7d57b28721289) Importer(815301076,1909f56bfc062723c751e8b465ee728b)
Start importing Assets/Prefabs/NullPlatform.prefab using Guid(33a8dbe3bc488334fab7d57b28721289) Importer(815301076,1909f56bfc062723c751e8b465ee728b)  -> (artifact id: 'c51c7ccec0152cd4ab7134c5910f607a') in 0.003417 seconds 
========================================================================
Received Import Request.
  Time since last request: 5.808476 seconds.
  path: Assets/Prefabs/NullPlatform.prefab
  artifactKey: Guid(33a8dbe3bc488334fab7d57b28721289) Importer(815301076,1909f56bfc062723c751e8b465ee728b)
Start importing Assets/Prefabs/NullPlatform.prefab using Guid(33a8dbe3bc488334fab7d57b28721289) Importer(815301076,1909f56bfc062723c751e8b465ee728b)  -> (artifact id: '191900d392e350cd91ddc1883da9a16b') in 0.003190 seconds 
========================================================================
Received Import Request.
  Time since last request: 0.391064 seconds.
  path: Assets/Prefabs/NullPlatform.prefab
  artifactKey: Guid(33a8dbe3bc488334fab7d57b28721289) Importer(815301076,1909f56bfc062723c751e8b465ee728b)
Start importing Assets/Prefabs/NullPlatform.prefab using Guid(33a8dbe3bc488334fab7d57b28721289) Importer(815301076,1909f56bfc062723c751e8b465ee728b)  -> (artifact id: '414db5bb83e7bdfd2438c503972f2453') in 0.003017 seconds 
========================================================================
Received Import Request.
  Time since last request: 3.859257 seconds.
  path: Assets/Prefabs/Platforms/FinishPlatform.prefab
  artifactKey: Guid(b583b9b63944ab740b66f9d1fc99f2e0) Importer(815301076,1909f56bfc062723c751e8b465ee728b)
Start importing Assets/Prefabs/Platforms/FinishPlatform.prefab using Guid(b583b9b63944ab740b66f9d1fc99f2e0) Importer(815301076,1909f56bfc062723c751e8b465ee728b)  -> (artifact id: 'ad1162fee0df40c24982204c6cf100a3') in 0.045541 seconds 
========================================================================
Received Import Request.
  Time since last request: 0.000014 seconds.
  path: Assets/Prefabs/Platforms/SpawnPlatform.prefab
  artifactKey: Guid(8022a0cec7ddcfd48ab88ca8c25d0bff) Importer(815301076,1909f56bfc062723c751e8b465ee728b)
Start importing Assets/Prefabs/Platforms/SpawnPlatform.prefab using Guid(8022a0cec7ddcfd48ab88ca8c25d0bff) Importer(815301076,1909f56bfc062723c751e8b465ee728b)  -> (artifact id: '8ec2580c0868c8bd3ed3eda4e3797df2') in 0.011071 seconds 
========================================================================
Received Import Request.
  Time since last request: 11.478634 seconds.
  path: Assets/Prefabs/Platforms/Platform.prefab
  artifactKey: Guid(c2aef7676f15bae4399c4a36b68b26b6) Importer(815301076,1909f56bfc062723c751e8b465ee728b)
Start importing Assets/Prefabs/Platforms/Platform.prefab using Guid(c2aef7676f15bae4399c4a36b68b26b6) Importer(815301076,1909f56bfc062723c751e8b465ee728b)  -> (artifact id: '67bde5964faa5572b7331dd85c2a9c2e') in 0.009626 seconds 
========================================================================
Received Import Request.
  Time since last request: 3.613894 seconds.
  path: Assets/Prefabs/Platforms/Platform.prefab
  artifactKey: Guid(c2aef7676f15bae4399c4a36b68b26b6) Importer(815301076,1909f56bfc062723c751e8b465ee728b)
Start importing Assets/Prefabs/Platforms/Platform.prefab using Guid(c2aef7676f15bae4399c4a36b68b26b6) Importer(815301076,1909f56bfc062723c751e8b465ee728b)  -> (artifact id: 'de4eb7061aa2d4ef4556330015fa9c05') in 0.036394 seconds 
========================================================================
Received Import Request.
  Time since last request: 4.979716 seconds.
  path: Assets/Prefabs/Platforms/Platform.prefab
  artifactKey: Guid(c2aef7676f15bae4399c4a36b68b26b6) Importer(815301076,1909f56bfc062723c751e8b465ee728b)
Start importing Assets/Prefabs/Platforms/Platform.prefab using Guid(c2aef7676f15bae4399c4a36b68b26b6) Importer(815301076,1909f56bfc062723c751e8b465ee728b)  -> (artifact id: '7a187676e03a95e07021d3f2fed546ab') in 0.039763 seconds 
========================================================================
Received Import Request.
  Time since last request: 1.178096 seconds.
  path: Assets/Prefabs/Platforms/Platform.prefab
  artifactKey: Guid(c2aef7676f15bae4399c4a36b68b26b6) Importer(815301076,1909f56bfc062723c751e8b465ee728b)
Start importing Assets/Prefabs/Platforms/Platform.prefab using Guid(c2aef7676f15bae4399c4a36b68b26b6) Importer(815301076,1909f56bfc062723c751e8b465ee728b)  -> (artifact id: 'c81fd6cb1b110ceb1c62e1340ed666a7') in 0.042926 seconds 
========================================================================
Received Import Request.
  Time since last request: 7.383025 seconds.
  path: Assets/Prefabs/Platforms/Platform.prefab
  artifactKey: Guid(c2aef7676f15bae4399c4a36b68b26b6) Importer(815301076,1909f56bfc062723c751e8b465ee728b)
Start importing Assets/Prefabs/Platforms/Platform.prefab using Guid(c2aef7676f15bae4399c4a36b68b26b6) Importer(815301076,1909f56bfc062723c751e8b465ee728b)  -> (artifact id: 'faa92b8a7411d2c0e5b96d2d2ffa26da') in 0.034713 seconds 
========================================================================
Received Import Request.
  Time since last request: 7.301838 seconds.
  path: Assets/Prefabs/Platforms/Platform.prefab
  artifactKey: Guid(c2aef7676f15bae4399c4a36b68b26b6) Importer(815301076,1909f56bfc062723c751e8b465ee728b)
Start importing Assets/Prefabs/Platforms/Platform.prefab using Guid(c2aef7676f15bae4399c4a36b68b26b6) Importer(815301076,1909f56bfc062723c751e8b465ee728b)  -> (artifact id: '22f809a3eb12e613d54141ce555b417f') in 0.027259 seconds 
========================================================================
Received Import Request.
  Time since last request: 5.564897 seconds.
  path: Assets/Prefabs/NullPlatform.prefab
  artifactKey: Guid(33a8dbe3bc488334fab7d57b28721289) Importer(815301076,1909f56bfc062723c751e8b465ee728b)
Start importing Assets/Prefabs/NullPlatform.prefab using Guid(33a8dbe3bc488334fab7d57b28721289) Importer(815301076,1909f56bfc062723c751e8b465ee728b)  -> (artifact id: '009deb91220fe931cedac25d5caf9cf2') in 0.002959 seconds 
========================================================================
Received Import Request.
  Time since last request: 1.834746 seconds.
  path: Assets/Prefabs/NullPlatform.prefab
  artifactKey: Guid(33a8dbe3bc488334fab7d57b28721289) Importer(815301076,1909f56bfc062723c751e8b465ee728b)
Start importing Assets/Prefabs/NullPlatform.prefab using Guid(33a8dbe3bc488334fab7d57b28721289) Importer(815301076,1909f56bfc062723c751e8b465ee728b)  -> (artifact id: '8495afbabf6245c004c77c3d1d5aa807') in 0.003176 seconds 
========================================================================
Received Import Request.
  Time since last request: 0.586849 seconds.
  path: Assets/Prefabs/NullPlatform.prefab
  artifactKey: Guid(33a8dbe3bc488334fab7d57b28721289) Importer(815301076,1909f56bfc062723c751e8b465ee728b)
Start importing Assets/Prefabs/NullPlatform.prefab using Guid(33a8dbe3bc488334fab7d57b28721289) Importer(815301076,1909f56bfc062723c751e8b465ee728b)  -> (artifact id: '9cd00194662bec75193182566a2749ed') in 0.003311 seconds 
========================================================================
Received Import Request.
  Time since last request: 8.175310 seconds.
  path: Assets/Prefabs/surfacePlatform.prefab
  artifactKey: Guid(6e4515f3e8632914389450e75475068b) Importer(815301076,1909f56bfc062723c751e8b465ee728b)
Start importing Assets/Prefabs/surfacePlatform.prefab using Guid(6e4515f3e8632914389450e75475068b) Importer(815301076,1909f56bfc062723c751e8b465ee728b)  -> (artifact id: '9f49331c919d65612e1078f71c53dccb') in 0.063068 seconds 
========================================================================
Received Prepare
Registering precompiled user dll's ...
Registered in 0.004829 seconds.
Begin MonoManager ReloadAssembly
Symbol file LoadedFromMemory doesn't match image E:\unityprojects\Helix jump1\Library\PackageCache\com.unity.visualscripting@1.8.0\Editor\VisualScripting.Core\Dependencies\YamlDotNet\Unity.VisualScripting.YamlDotNet.dll
Symbol file LoadedFromMemory doesn't match image E:\unityprojects\Helix jump1\Library\PackageCache\com.unity.visualscripting@1.8.0\Editor\VisualScripting.Core\Dependencies\DotNetZip\Unity.VisualScripting.IonicZip.dll
Native extension for WindowsStandalone target not found
Native extension for Android target not found
Native extension for WebGL target not found
Refreshing native plugins compatible for Editor in 0.58 ms, found 3 plugins.
Preloading 0 native plugins for Editor in 0.00 ms.
Mono: successfully reloaded assembly
- Completed reload, in  0.927 seconds
Domain Reload Profiling:
	ReloadAssembly (927ms)
		BeginReloadAssembly (126ms)
			ExecutionOrderSort (0ms)
			DisableScriptedObjects (4ms)
			BackupInstance (0ms)
			ReleaseScriptingObjects (0ms)
			CreateAndSetChildDomain (33ms)
		EndReloadAssembly (706ms)
			LoadAssemblies (84ms)
			RebuildTransferFunctionScriptingTraits (0ms)
			SetupTypeCache (233ms)
			ReleaseScriptCaches (1ms)
			RebuildScriptCaches (41ms)
			SetupLoadedEditorAssemblies (305ms)
				LogAssemblyErrors (0ms)
				InitializePlatformSupportModulesInManaged (27ms)
				SetLoadedEditorAssemblies (0ms)
				RefreshPlugins (1ms)
				BeforeProcessingInitializeOnLoad (68ms)
				ProcessInitializeOnLoadAttributes (182ms)
				ProcessInitializeOnLoadMethodAttributes (17ms)
				AfterProcessingInitializeOnLoad (10ms)
				EditorAssembliesLoaded (0ms)
			ExecutionOrderSort2 (0ms)
			AwakeInstancesAfterBackupRestoration (6ms)
Platform modules already initialized, skipping
Refreshing native plugins compatible for Editor in 1.66 ms, found 3 plugins.
Preloading 0 native plugins for Editor in 0.00 ms.
Unloading 3407 Unused Serialized files (Serialized files now loaded: 0)
Unloading 19 unused Assets / (126.2 KB). Loaded Objects now: 3937.
Memory consumption went from 126.2 MB to 126.1 MB.
Total: 2.915900 ms (FindLiveObjects: 0.251700 ms CreateObjectMapping: 0.072800 ms MarkObjects: 2.473700 ms  DeleteObjects: 0.116800 ms)

AssetImportParameters requested are different than current active one (requested -> active):
  custom:video-decoder-ogg-theora: a1e56fd34408186e4bbccfd4996cb3dc -> 
  custom:container-muxer-webm: aa71ff27fc2769a1b78a27578f13a17b -> 
  custom:container-demuxer-webm: 4f35f7cbe854078d1ac9338744f61a02 -> 
  custom:video-encoder-webm-vp8: eb34c28f22e8b96e1ab97ce403110664 -> 
  custom:audio-encoder-webm-vorbis: bf7c407c2cedff20999df2af8eb42d56 -> 
  custom:framework-win-MediaFoundation: 216162199b28c13a410421893ffa2e32 -> 
  custom:container-demuxer-ogg: 62fdf1f143b41e24485cea50d1cbac27 -> 
  custom:video-decoder-webm-vp8: 9c59270c3fd7afecdb556c50c9e8de78 -> 
  custom:audio-decoder-ogg-vorbis: bf7c407c2cedff20999df2af8eb42d56 -> 
========================================================================
Received Import Request.
  Time since last request: 50.254599 seconds.
  path: Assets/Prefabs/NullPlatform.prefab
  artifactKey: Guid(33a8dbe3bc488334fab7d57b28721289) Importer(815301076,1909f56bfc062723c751e8b465ee728b)
Start importing Assets/Prefabs/NullPlatform.prefab using Guid(33a8dbe3bc488334fab7d57b28721289) Importer(815301076,1909f56bfc062723c751e8b465ee728b)  -> (artifact id: 'bc912cd44dc963a4c99cc4e5ea19db72') in 0.026044 seconds 
========================================================================
Received Import Request.
  Time since last request: 1.753609 seconds.
  path: Assets/Prefabs/NullPlatform.prefab
  artifactKey: Guid(33a8dbe3bc488334fab7d57b28721289) Importer(815301076,1909f56bfc062723c751e8b465ee728b)
Start importing Assets/Prefabs/NullPlatform.prefab using Guid(33a8dbe3bc488334fab7d57b28721289) Importer(815301076,1909f56bfc062723c751e8b465ee728b)  -> (artifact id: '74bc0b42df4dd9da826d4602a951271b') in 0.002931 seconds 
========================================================================
Received Import Request.
  Time since last request: 5.637940 seconds.
  path: Assets/Prefabs/NullPlatform.prefab
  artifactKey: Guid(33a8dbe3bc488334fab7d57b28721289) Importer(815301076,1909f56bfc062723c751e8b465ee728b)
Start importing Assets/Prefabs/NullPlatform.prefab using Guid(33a8dbe3bc488334fab7d57b28721289) Importer(815301076,1909f56bfc062723c751e8b465ee728b)  -> (artifact id: '6e068e982caf4345243c38389d6a8f60') in 0.003072 seconds 
========================================================================
Received Import Request.
  Time since last request: 5.060103 seconds.
  path: Assets/Prefabs/NullPlatform.prefab
  artifactKey: Guid(33a8dbe3bc488334fab7d57b28721289) Importer(815301076,1909f56bfc062723c751e8b465ee728b)
Start importing Assets/Prefabs/NullPlatform.prefab using Guid(33a8dbe3bc488334fab7d57b28721289) Importer(815301076,1909f56bfc062723c751e8b465ee728b)  -> (artifact id: 'f9d3758cc3e4fbac941b5c2e5f7b2b09') in 0.037671 seconds 
